Determining if the pthread_create exist failed with the following output:
Change Dir: /home/lucas/Documents/git/ExSciVis2018/build/CMakeFiles/CMakeTmp

Run Build Command:"/usr/bin/make" "cmTC_fbe12/fast"
/usr/bin/make -f CMakeFiles/cmTC_fbe12.dir/build.make CMakeFiles/cmTC_fbe12.dir/build
make[1]: Entering directory '/home/lucas/Documents/git/ExSciVis2018/build/CMakeFiles/CMakeTmp'
Building C object CMakeFiles/cmTC_fbe12.dir/CheckSymbolExists.c.o
/usr/bin/cc    -o CMakeFiles/cmTC_fbe12.dir/CheckSymbolExists.c.o   -c /home/lucas/Documents/git/ExSciVis2018/build/CMakeFiles/CMakeTmp/CheckSymbolExists.c
Linking C executable cmTC_fbe12
/usr/bin/cmake -E cmake_link_script CMakeFiles/cmTC_fbe12.dir/link.txt --verbose=1
/usr/bin/cc      -rdynamic CMakeFiles/cmTC_fbe12.dir/CheckSymbolExists.c.o  -o cmTC_fbe12 
CMakeFiles/cmTC_fbe12.dir/CheckSymbolExists.c.o: In function `main':
CheckSymbolExists.c:(.text+0x1b): undefined reference to `pthread_create'
collect2: error: ld returned 1 exit status
CMakeFiles/cmTC_fbe12.dir/build.make:97: recipe for target 'cmTC_fbe12' failed
make[1]: *** [cmTC_fbe12] Error 1
make[1]: Leaving directory '/home/lucas/Documents/git/ExSciVis2018/build/CMakeFiles/CMakeTmp'
Makefile:126: recipe for target 'cmTC_fbe12/fast' failed
make: *** [cmTC_fbe12/fast] Error 2

File /home/lucas/Documents/git/ExSciVis2018/build/CMakeFiles/CMakeTmp/CheckSymbolExists.c:
/* */
#include <pthread.h>

int main(int argc, char** argv)
{
  (void)argv;
#ifndef pthread_create
  return ((int*)(&pthread_create))[argc];
#else
  (void)argc;
  return 0;
#endif
}

Determining if the function pthread_create exists in the pthreads failed with the following output:
Change Dir: /home/lucas/Documents/git/ExSciVis2018/build/CMakeFiles/CMakeTmp

Run Build Command:"/usr/bin/make" "cmTC_b53fc/fast"
/usr/bin/make -f CMakeFiles/cmTC_b53fc.dir/build.make CMakeFiles/cmTC_b53fc.dir/build
make[1]: Entering directory '/home/lucas/Documents/git/ExSciVis2018/build/CMakeFiles/CMakeTmp'
Building C object CMakeFiles/cmTC_b53fc.dir/CheckFunctionExists.c.o
/usr/bin/cc   -DCHECK_FUNCTION_EXISTS=pthread_create   -o CMakeFiles/cmTC_b53fc.dir/CheckFunctionExists.c.o   -c /usr/share/cmake-3.10/Modules/CheckFunctionExists.c
Linking C executable cmTC_b53fc
/usr/bin/cmake -E cmake_link_script CMakeFiles/cmTC_b53fc.dir/link.txt --verbose=1
/usr/bin/cc  -DCHECK_FUNCTION_EXISTS=pthread_create    -rdynamic CMakeFiles/cmTC_b53fc.dir/CheckFunctionExists.c.o  -o cmTC_b53fc -lpthreads 
/usr/bin/x86_64-linux-gnu-ld: cannot find -lpthreads
collect2: error: ld returned 1 exit status
CMakeFiles/cmTC_b53fc.dir/build.make:97: recipe for target 'cmTC_b53fc' failed
make[1]: *** [cmTC_b53fc] Error 1
make[1]: Leaving directory '/home/lucas/Documents/git/ExSciVis2018/build/CMakeFiles/CMakeTmp'
Makefile:126: recipe for target 'cmTC_b53fc/fast' failed
make: *** [cmTC_b53fc/fast] Error 2


Determining if the function glXGetProcAddressEXT exists failed with the following output:
Change Dir: /home/lucas/Documents/git/ExSciVis2018/build/CMakeFiles/CMakeTmp

Run Build Command:"/usr/bin/make" "cmTC_4a50a/fast"
/usr/bin/make -f CMakeFiles/cmTC_4a50a.dir/build.make CMakeFiles/cmTC_4a50a.dir/build
make[1]: Entering directory '/home/lucas/Documents/git/ExSciVis2018/build/CMakeFiles/CMakeTmp'
Building C object CMakeFiles/cmTC_4a50a.dir/CheckFunctionExists.c.o
/usr/bin/cc   -DCHECK_FUNCTION_EXISTS=glXGetProcAddressEXT   -o CMakeFiles/cmTC_4a50a.dir/CheckFunctionExists.c.o   -c /usr/share/cmake-3.10/Modules/CheckFunctionExists.c
Linking C executable cmTC_4a50a
/usr/bin/cmake -E cmake_link_script CMakeFiles/cmTC_4a50a.dir/link.txt --verbose=1
/usr/bin/cc  -DCHECK_FUNCTION_EXISTS=glXGetProcAddressEXT    -rdynamic CMakeFiles/cmTC_4a50a.dir/CheckFunctionExists.c.o  -o cmTC_4a50a /usr/lib/x86_64-linux-gnu/libGL.so 
CMakeFiles/cmTC_4a50a.dir/CheckFunctionExists.c.o: In function `main':
CheckFunctionExists.c:(.text+0x10): undefined reference to `glXGetProcAddressEXT'
collect2: error: ld returned 1 exit status
CMakeFiles/cmTC_4a50a.dir/build.make:98: recipe for target 'cmTC_4a50a' failed
make[1]: *** [cmTC_4a50a] Error 1
make[1]: Leaving directory '/home/lucas/Documents/git/ExSciVis2018/build/CMakeFiles/CMakeTmp'
Makefile:126: recipe for target 'cmTC_4a50a/fast' failed
make: *** [cmTC_4a50a/fast] Error 2


